Start testing: Jun 13 09:04 CEST
----------------------------------------------------------
Unable to find executable: hello_test_NOT_BUILT
1/1 Testing: hello_test_NOT_BUILT
1/1 Test: hello_test_NOT_BUILT
Command: ""
Directory: /mnt/c/Users/SESA741930/Documents/perso/Hexapodcpp/test
"hello_test_NOT_BUILT" start time: 
Output:
----------------------------------------------------------
<end of output>
Test time =   0.00 sec
----------------------------------------------------------
Test Passed.
"hello_test_NOT_BUILT" end time: Jun 13 09:04 CEST
"hello_test_NOT_BUILT" time elapsed: 00:00:00
----------------------------------------------------------

End testing: Jun 13 09:04 CEST
